2026-05-13 18:11:36 INFO  [org.distribuidos.libros.DataLoader] (Quarkus Main Thread) 
================================
       SERVICIO LIBROS
       INICIADO OK 
================================

2026-05-13 18:11:36 DEBUG [org.distribuidos.libros.DataLoader] (Quarkus Main Thread) Intentando cargar libro: La sombra del viento
2026-05-13 18:11:36 DEBUG [org.distribuidos.libros.repository.LibroRepository] (Quarkus Main Thread) Obteniendo todos los libros
2026-05-13 18:11:36 DEBUG [org.distribuidos.libros.DataLoader] (Quarkus Main Thread) Libro ya existe, no se carga: La sombra del viento
2026-05-13 18:11:36 DEBUG [org.distribuidos.libros.DataLoader] (Quarkus Main Thread) Intentando cargar libro: El juego del ángel
2026-05-13 18:11:36 DEBUG [org.distribuidos.libros.repository.LibroRepository] (Quarkus Main Thread) Obteniendo todos los libros
2026-05-13 18:11:36 DEBUG [org.distribuidos.libros.DataLoader] (Quarkus Main Thread) Libro ya existe, no se carga: El juego del ángel
2026-05-13 18:11:36 DEBUG [org.distribuidos.libros.DataLoader] (Quarkus Main Thread) Intentando cargar libro: La casa de los espíritus
2026-05-13 18:11:36 DEBUG [org.distribuidos.libros.repository.LibroRepository] (Quarkus Main Thread) Obteniendo todos los libros
2026-05-13 18:11:36 DEBUG [org.distribuidos.libros.DataLoader] (Quarkus Main Thread) Libro ya existe, no se carga: La casa de los espíritus
2026-05-13 18:11:36 DEBUG [org.distribuidos.libros.DataLoader] (Quarkus Main Thread) Intentando cargar libro: Eva Luna
2026-05-13 18:11:36 DEBUG [org.distribuidos.libros.repository.LibroRepository] (Quarkus Main Thread) Obteniendo todos los libros
2026-05-13 18:11:36 DEBUG [org.distribuidos.libros.DataLoader] (Quarkus Main Thread) Libro ya existe, no se carga: Eva Luna
2026-05-13 18:11:37 INFO  [io.quarkus] (Quarkus Main Thread) libros-service 1.0.0-SNAPSHOT on JVM (powered by Quarkus 3.20.3) started in 6.237s. Listening on: http://0.0.0.0:8083
2026-05-13 18:11:37 INFO  [io.quarkus] (Quarkus Main Thread) Profile dev activated. Live Coding activated.
2026-05-13 18:11:37 INFO  [io.quarkus] (Quarkus Main Thread) Installed features: [cdi, rest, rest-client, rest-client-jackson, rest-jackson, smallrye-context-propagation, smallrye-openapi, swagger-ui, vertx]
2026-05-13 18:11:46 INFO  [org.distribuidos.libros.DataLoader] (Quarkus Main Thread) Servicio libro se esta deteniendo...
2026-05-13 18:11:46 INFO  [io.quarkus] (Quarkus Main Thread) libros-service stopped in 0.022s
